<?xml version="1.0" encoding="UTF-8"?>
<testng-results skipped="0" failed="3" ignored="0" total="35" passed="32">
  <reporter-output>
  </reporter-output>
  <suite name="EmployeesRestAPISuite" duration-ms="31202" started-at="2021-12-26T15:50:09 GMT" finished-at="2021-12-26T15:50:40 GMT">
    <groups>
    </groups>
    <test name="EmployeesRestAPITest" duration-ms="31202" started-at="2021-12-26T15:50:09 GMT" finished-at="2021-12-26T15:50:40 GMT">
      <class name="com.employeeAPI.testCases.TC001_Get_All_Employees">
        <test-method status="PASS" signature="setup()[pri:0, instance:com.employeeAPI.testCases.TC001_Get_All_Employees@7a9273a8]" name="setup" is-config="true" duration-ms="36" started-at="2021-12-26T15:50:09 GMT" finished-at="2021-12-26T15:50:09 GMT">
          <reporter-output>
          </reporter-output>
        </test-method> <!-- setup -->
        <test-method status="PASS" signature="getAllEmployees()[pri:0, instance:com.employeeAPI.testCases.TC001_Get_All_Employees@7a9273a8]" name="getAllEmployees" is-config="true" duration-ms="7474" started-at="2021-12-26T15:50:09 GMT" finished-at="2021-12-26T15:50:17 GMT">
          <reporter-output>
          </reporter-output>
        </test-method> <!-- getAllEmployees -->
        <test-method status="PASS" signature="checkContentLength()[pri:0, instance:com.employeeAPI.testCases.TC001_Get_All_Employees@7a9273a8]" name="checkContentLength" duration-ms="7" started-at="2021-12-26T15:50:17 GMT" finished-at="2021-12-26T15:50:17 GMT">
          <reporter-output>
          </reporter-output>
        </test-method> <!-- checkContentLength -->
        <test-method status="FAIL" signature="checkContentType()[pri:0, instance:com.employeeAPI.testCases.TC001_Get_All_Employees@7a9273a8]" name="checkContentType" duration-ms="2" started-at="2021-12-26T15:50:17 GMT" finished-at="2021-12-26T15:50:17 GMT">
          <exception class="java.lang.AssertionError">
            <message>
              <![CDATA[expected [application/json] but found [text/html; charset=UTF-8]]]>
            </message>
            <full-stacktrace>
              <![CDATA[java.lang.AssertionError: expected [application/json] but found [text/html; charset=UTF-8]
at org.testng.Assert.fail(Assert.java:99)
at org.testng.Assert.failNotEquals(Assert.java:1037)
at org.testng.Assert.assertEqualsImpl(Assert.java:140)
at org.testng.Assert.assertEquals(Assert.java:122)
at org.testng.Assert.assertEquals(Assert.java:629)
at org.testng.Assert.assertEquals(Assert.java:639)
at com.employeeAPI.testCases.TC001_Get_All_Employees.checkContentType(TC001_Get_All_Employees.java:73)
at sun.reflect.NativeMethodAccessorImpl.invoke0(Native Method)
at sun.reflect.NativeMethodAccessorImpl.invoke(NativeMethodAccessorImpl.java:62)
at sun.reflect.DelegatingMethodAccessorImpl.invoke(DelegatingMethodAccessorImpl.java:43)
at java.lang.reflect.Method.invoke(Method.java:498)
at org.testng.internal.MethodInvocationHelper.invokeMethod(MethodInvocationHelper.java:133)
at org.testng.internal.TestInvoker.invokeMethod(TestInvoker.java:598)
at org.testng.internal.TestInvoker.invokeTestMethod(TestInvoker.java:173)
at org.testng.internal.MethodRunner.runInSequence(MethodRunner.java:46)
at org.testng.internal.TestInvoker$MethodInvocationAgent.invoke(TestInvoker.java:824)
at org.testng.internal.TestInvoker.invokeTestMethods(TestInvoker.java:146)
at org.testng.internal.TestMethodWorker.invokeTestMethods(TestMethodWorker.java:146)
at org.testng.internal.TestMethodWorker.run(TestMethodWorker.java:128)
at java.util.ArrayList.forEach(ArrayList.java:1257)
at org.testng.TestRunner.privateRun(TestRunner.java:794)
at org.testng.TestRunner.run(TestRunner.java:596)
at org.testng.SuiteRunner.runTest(SuiteRunner.java:377)
at org.testng.SuiteRunner.runSequentially(SuiteRunner.java:371)
at org.testng.SuiteRunner.privateRun(SuiteRunner.java:332)
at org.testng.SuiteRunner.run(SuiteRunner.java:276)
at org.testng.SuiteRunnerWorker.runSuite(SuiteRunnerWorker.java:53)
at org.testng.SuiteRunnerWorker.run(SuiteRunnerWorker.java:96)
at org.testng.TestNG.runSuitesSequentially(TestNG.java:1212)
at org.testng.TestNG.runSuitesLocally(TestNG.java:1134)
at org.testng.TestNG.runSuites(TestNG.java:1063)
at org.testng.TestNG.run(TestNG.java:1031)
at org.testng.remote.AbstractRemoteTestNG.run(AbstractRemoteTestNG.java:115)
at org.testng.remote.RemoteTestNG.initAndRun(RemoteTestNG.java:251)
at org.testng.remote.RemoteTestNG.main(RemoteTestNG.java:77)
]]>
            </full-stacktrace>
          </exception> <!-- java.lang.AssertionError -->
          <reporter-output>
          </reporter-output>
        </test-method> <!-- checkContentType -->
        <test-method status="PASS" signature="checkResponseBody()[pri:0, instance:com.employeeAPI.testCases.TC001_Get_All_Employees@7a9273a8]" name="checkResponseBody" duration-ms="18" started-at="2021-12-26T15:50:17 GMT" finished-at="2021-12-26T15:50:17 GMT">
          <reporter-output>
          </reporter-output>
        </test-method> <!-- checkResponseBody -->
        <test-method status="PASS" signature="checkResponseTime()[pri:0, instance:com.employeeAPI.testCases.TC001_Get_All_Employees@7a9273a8]" name="checkResponseTime" duration-ms="2" started-at="2021-12-26T15:50:17 GMT" finished-at="2021-12-26T15:50:17 GMT">
          <reporter-output>
          </reporter-output>
        </test-method> <!-- checkResponseTime -->
        <test-method status="PASS" signature="checkServerType()[pri:0, instance:com.employeeAPI.testCases.TC001_Get_All_Employees@7a9273a8]" name="checkServerType" duration-ms="1" started-at="2021-12-26T15:50:17 GMT" finished-at="2021-12-26T15:50:17 GMT">
          <reporter-output>
          </reporter-output>
        </test-method> <!-- checkServerType -->
        <test-method status="FAIL" signature="checkStatusLine()[pri:0, instance:com.employeeAPI.testCases.TC001_Get_All_Employees@7a9273a8]" name="checkStatusLine" duration-ms="1" started-at="2021-12-26T15:50:17 GMT" finished-at="2021-12-26T15:50:17 GMT">
          <exception class="java.lang.AssertionError">
            <message>
              <![CDATA[expected [HTTP/1.1 200 OK] but found [HTTP/1.1 429 Too Many Requests]]]>
            </message>
            <full-stacktrace>
              <![CDATA[java.lang.AssertionError: expected [HTTP/1.1 200 OK] but found [HTTP/1.1 429 Too Many Requests]
at org.testng.Assert.fail(Assert.java:99)
at org.testng.Assert.failNotEquals(Assert.java:1037)
at org.testng.Assert.assertEqualsImpl(Assert.java:140)
at org.testng.Assert.assertEquals(Assert.java:122)
at org.testng.Assert.assertEquals(Assert.java:629)
at org.testng.Assert.assertEquals(Assert.java:639)
at com.employeeAPI.testCases.TC001_Get_All_Employees.checkStatusLine(TC001_Get_All_Employees.java:64)
at sun.reflect.NativeMethodAccessorImpl.invoke0(Native Method)
at sun.reflect.NativeMethodAccessorImpl.invoke(NativeMethodAccessorImpl.java:62)
at sun.reflect.DelegatingMethodAccessorImpl.invoke(DelegatingMethodAccessorImpl.java:43)
at java.lang.reflect.Method.invoke(Method.java:498)
at org.testng.internal.MethodInvocationHelper.invokeMethod(MethodInvocationHelper.java:133)
at org.testng.internal.TestInvoker.invokeMethod(TestInvoker.java:598)
at org.testng.internal.TestInvoker.invokeTestMethod(TestInvoker.java:173)
at org.testng.internal.MethodRunner.runInSequence(MethodRunner.java:46)
at org.testng.internal.TestInvoker$MethodInvocationAgent.invoke(TestInvoker.java:824)
at org.testng.internal.TestInvoker.invokeTestMethods(TestInvoker.java:146)
at org.testng.internal.TestMethodWorker.invokeTestMethods(TestMethodWorker.java:146)
at org.testng.internal.TestMethodWorker.run(TestMethodWorker.java:128)
at java.util.ArrayList.forEach(ArrayList.java:1257)
at org.testng.TestRunner.privateRun(TestRunner.java:794)
at org.testng.TestRunner.run(TestRunner.java:596)
at org.testng.SuiteRunner.runTest(SuiteRunner.java:377)
at org.testng.SuiteRunner.runSequentially(SuiteRunner.java:371)
at org.testng.SuiteRunner.privateRun(SuiteRunner.java:332)
at org.testng.SuiteRunner.run(SuiteRunner.java:276)
at org.testng.SuiteRunnerWorker.runSuite(SuiteRunnerWorker.java:53)
at org.testng.SuiteRunnerWorker.run(SuiteRunnerWorker.java:96)
at org.testng.TestNG.runSuitesSequentially(TestNG.java:1212)
at org.testng.TestNG.runSuitesLocally(TestNG.java:1134)
at org.testng.TestNG.runSuites(TestNG.java:1063)
at org.testng.TestNG.run(TestNG.java:1031)
at org.testng.remote.AbstractRemoteTestNG.run(AbstractRemoteTestNG.java:115)
at org.testng.remote.RemoteTestNG.initAndRun(RemoteTestNG.java:251)
at org.testng.remote.RemoteTestNG.main(RemoteTestNG.java:77)
]]>
            </full-stacktrace>
          </exception> <!-- java.lang.AssertionError -->
          <reporter-output>
          </reporter-output>
        </test-method> <!-- checkStatusLine -->
        <test-method status="FAIL" signature="checkStatuscode()[pri:0, instance:com.employeeAPI.testCases.TC001_Get_All_Employees@7a9273a8]" name="checkStatuscode" duration-ms="1" started-at="2021-12-26T15:50:17 GMT" finished-at="2021-12-26T15:50:17 GMT">
          <exception class="java.lang.AssertionError">
            <message>
              <![CDATA[expected [200] but found [429]]]>
            </message>
            <full-stacktrace>
              <![CDATA[java.lang.AssertionError: expected [200] but found [429]
at org.testng.Assert.fail(Assert.java:99)
at org.testng.Assert.failNotEquals(Assert.java:1037)
at org.testng.Assert.assertEqualsImpl(Assert.java:140)
at org.testng.Assert.assertEquals(Assert.java:122)
at org.testng.Assert.assertEquals(Assert.java:907)
at org.testng.Assert.assertEquals(Assert.java:917)
at com.employeeAPI.testCases.TC001_Get_All_Employees.checkStatuscode(TC001_Get_All_Employees.java:42)
at sun.reflect.NativeMethodAccessorImpl.invoke0(Native Method)
at sun.reflect.NativeMethodAccessorImpl.invoke(NativeMethodAccessorImpl.java:62)
at sun.reflect.DelegatingMethodAccessorImpl.invoke(DelegatingMethodAccessorImpl.java:43)
at java.lang.reflect.Method.invoke(Method.java:498)
at org.testng.internal.MethodInvocationHelper.invokeMethod(MethodInvocationHelper.java:133)
at org.testng.internal.TestInvoker.invokeMethod(TestInvoker.java:598)
at org.testng.internal.TestInvoker.invokeTestMethod(TestInvoker.java:173)
at org.testng.internal.MethodRunner.runInSequence(MethodRunner.java:46)
at org.testng.internal.TestInvoker$MethodInvocationAgent.invoke(TestInvoker.java:824)
at org.testng.internal.TestInvoker.invokeTestMethods(TestInvoker.java:146)
at org.testng.internal.TestMethodWorker.invokeTestMethods(TestMethodWorker.java:146)
at org.testng.internal.TestMethodWorker.run(TestMethodWorker.java:128)
at java.util.ArrayList.forEach(ArrayList.java:1257)
at org.testng.TestRunner.privateRun(TestRunner.java:794)
at org.testng.TestRunner.run(TestRunner.java:596)
at org.testng.SuiteRunner.runTest(SuiteRunner.java:377)
at org.testng.SuiteRunner.runSequentially(SuiteRunner.java:371)
at org.testng.SuiteRunner.privateRun(SuiteRunner.java:332)
at org.testng.SuiteRunner.run(SuiteRunner.java:276)
at org.testng.SuiteRunnerWorker.runSuite(SuiteRunnerWorker.java:53)
at org.testng.SuiteRunnerWorker.run(SuiteRunnerWorker.java:96)
at org.testng.TestNG.runSuitesSequentially(TestNG.java:1212)
at org.testng.TestNG.runSuitesLocally(TestNG.java:1134)
at org.testng.TestNG.runSuites(TestNG.java:1063)
at org.testng.TestNG.run(TestNG.java:1031)
at org.testng.remote.AbstractRemoteTestNG.run(AbstractRemoteTestNG.java:115)
at org.testng.remote.RemoteTestNG.initAndRun(RemoteTestNG.java:251)
at org.testng.remote.RemoteTestNG.main(RemoteTestNG.java:77)
]]>
            </full-stacktrace>
          </exception> <!-- java.lang.AssertionError -->
          <reporter-output>
          </reporter-output>
        </test-method> <!-- checkStatuscode -->
        <test-method status="PASS" signature="tearDown()[pri:0, instance:com.employeeAPI.testCases.TC001_Get_All_Employees@7a9273a8]" name="tearDown" is-config="true" duration-ms="2" started-at="2021-12-26T15:50:17 GMT" finished-at="2021-12-26T15:50:17 GMT">
          <reporter-output>
          </reporter-output>
        </test-method> <!-- tearDown -->
      </class> <!-- com.employeeAPI.testCases.TC001_Get_All_Employees -->
      <class name="com.employeeAPI.testCases.TC005_Delete_Employees_Record">
        <test-method status="PASS" signature="setup()[pri:0, instance:com.employeeAPI.testCases.TC005_Delete_Employees_Record@25af5db5]" name="setup" is-config="true" duration-ms="1" started-at="2021-12-26T15:50:23 GMT" finished-at="2021-12-26T15:50:23 GMT">
          <reporter-output>
          </reporter-output>
        </test-method> <!-- setup -->
        <test-method status="PASS" signature="getAllEmployees()[pri:0, instance:com.employeeAPI.testCases.TC005_Delete_Employees_Record@25af5db5]" name="getAllEmployees" is-config="true" duration-ms="5829" started-at="2021-12-26T15:50:23 GMT" finished-at="2021-12-26T15:50:28 GMT">
          <reporter-output>
          </reporter-output>
        </test-method> <!-- getAllEmployees -->
        <test-method status="PASS" signature="checkContentLength()[pri:0, instance:com.employeeAPI.testCases.TC005_Delete_Employees_Record@25af5db5]" name="checkContentLength" duration-ms="4" started-at="2021-12-26T15:50:28 GMT" finished-at="2021-12-26T15:50:28 GMT">
          <reporter-output>
          </reporter-output>
        </test-method> <!-- checkContentLength -->
        <test-method status="PASS" signature="checkContentType()[pri:0, instance:com.employeeAPI.testCases.TC005_Delete_Employees_Record@25af5db5]" name="checkContentType" duration-ms="1" started-at="2021-12-26T15:50:28 GMT" finished-at="2021-12-26T15:50:28 GMT">
          <reporter-output>
          </reporter-output>
        </test-method> <!-- checkContentType -->
        <test-method status="PASS" signature="checkResponseBody()[pri:0, instance:com.employeeAPI.testCases.TC005_Delete_Employees_Record@25af5db5]" name="checkResponseBody" duration-ms="1" started-at="2021-12-26T15:50:28 GMT" finished-at="2021-12-26T15:50:28 GMT">
          <reporter-output>
          </reporter-output>
        </test-method> <!-- checkResponseBody -->
        <test-method status="PASS" signature="checkResponseTime()[pri:0, instance:com.employeeAPI.testCases.TC005_Delete_Employees_Record@25af5db5]" name="checkResponseTime" duration-ms="1" started-at="2021-12-26T15:50:28 GMT" finished-at="2021-12-26T15:50:28 GMT">
          <reporter-output>
          </reporter-output>
        </test-method> <!-- checkResponseTime -->
        <test-method status="PASS" signature="checkServerType()[pri:0, instance:com.employeeAPI.testCases.TC005_Delete_Employees_Record@25af5db5]" name="checkServerType" duration-ms="1" started-at="2021-12-26T15:50:28 GMT" finished-at="2021-12-26T15:50:28 GMT">
          <reporter-output>
          </reporter-output>
        </test-method> <!-- checkServerType -->
        <test-method status="PASS" signature="checkStatusLine()[pri:0, instance:com.employeeAPI.testCases.TC005_Delete_Employees_Record@25af5db5]" name="checkStatusLine" duration-ms="2" started-at="2021-12-26T15:50:28 GMT" finished-at="2021-12-26T15:50:28 GMT">
          <reporter-output>
          </reporter-output>
        </test-method> <!-- checkStatusLine -->
        <test-method status="PASS" signature="checkStatuscode()[pri:0, instance:com.employeeAPI.testCases.TC005_Delete_Employees_Record@25af5db5]" name="checkStatuscode" duration-ms="1" started-at="2021-12-26T15:50:28 GMT" finished-at="2021-12-26T15:50:28 GMT">
          <reporter-output>
          </reporter-output>
        </test-method> <!-- checkStatuscode -->
        <test-method status="PASS" signature="tearDown()[pri:0, instance:com.employeeAPI.testCases.TC005_Delete_Employees_Record@25af5db5]" name="tearDown" is-config="true" duration-ms="0" started-at="2021-12-26T15:50:28 GMT" finished-at="2021-12-26T15:50:28 GMT">
          <reporter-output>
          </reporter-output>
        </test-method> <!-- tearDown -->
      </class> <!-- com.employeeAPI.testCases.TC005_Delete_Employees_Record -->
      <class name="com.employeeAPI.testCases.TC004_PUT_Employees_Record">
        <test-method status="PASS" signature="setup()[pri:0, instance:com.employeeAPI.testCases.TC004_PUT_Employees_Record@59906517]" name="setup" is-config="true" duration-ms="1" started-at="2021-12-26T15:50:17 GMT" finished-at="2021-12-26T15:50:17 GMT">
          <reporter-output>
          </reporter-output>
        </test-method> <!-- setup -->
        <test-method status="PASS" signature="getAllEmployees()[pri:0, instance:com.employeeAPI.testCases.TC004_PUT_Employees_Record@59906517]" name="getAllEmployees" is-config="true" duration-ms="5916" started-at="2021-12-26T15:50:17 GMT" finished-at="2021-12-26T15:50:22 GMT">
          <reporter-output>
          </reporter-output>
        </test-method> <!-- getAllEmployees -->
        <test-method status="PASS" signature="checkContentLength()[pri:0, instance:com.employeeAPI.testCases.TC004_PUT_Employees_Record@59906517]" name="checkContentLength" duration-ms="4" started-at="2021-12-26T15:50:22 GMT" finished-at="2021-12-26T15:50:23 GMT">
          <reporter-output>
          </reporter-output>
        </test-method> <!-- checkContentLength -->
        <test-method status="PASS" signature="checkContentType()[pri:0, instance:com.employeeAPI.testCases.TC004_PUT_Employees_Record@59906517]" name="checkContentType" duration-ms="2" started-at="2021-12-26T15:50:23 GMT" finished-at="2021-12-26T15:50:23 GMT">
          <reporter-output>
          </reporter-output>
        </test-method> <!-- checkContentType -->
        <test-method status="PASS" signature="checkResponseBody()[pri:0, instance:com.employeeAPI.testCases.TC004_PUT_Employees_Record@59906517]" name="checkResponseBody" duration-ms="1" started-at="2021-12-26T15:50:23 GMT" finished-at="2021-12-26T15:50:23 GMT">
          <reporter-output>
          </reporter-output>
        </test-method> <!-- checkResponseBody -->
        <test-method status="PASS" signature="checkResponseTime()[pri:0, instance:com.employeeAPI.testCases.TC004_PUT_Employees_Record@59906517]" name="checkResponseTime" duration-ms="1" started-at="2021-12-26T15:50:23 GMT" finished-at="2021-12-26T15:50:23 GMT">
          <reporter-output>
          </reporter-output>
        </test-method> <!-- checkResponseTime -->
        <test-method status="PASS" signature="checkServerType()[pri:0, instance:com.employeeAPI.testCases.TC004_PUT_Employees_Record@59906517]" name="checkServerType" duration-ms="2" started-at="2021-12-26T15:50:23 GMT" finished-at="2021-12-26T15:50:23 GMT">
          <reporter-output>
          </reporter-output>
        </test-method> <!-- checkServerType -->
        <test-method status="PASS" signature="checkStatusLine()[pri:0, instance:com.employeeAPI.testCases.TC004_PUT_Employees_Record@59906517]" name="checkStatusLine" duration-ms="1" started-at="2021-12-26T15:50:23 GMT" finished-at="2021-12-26T15:50:23 GMT">
          <reporter-output>
          </reporter-output>
        </test-method> <!-- checkStatusLine -->
        <test-method status="PASS" signature="checkStatuscode()[pri:0, instance:com.employeeAPI.testCases.TC004_PUT_Employees_Record@59906517]" name="checkStatuscode" duration-ms="1" started-at="2021-12-26T15:50:23 GMT" finished-at="2021-12-26T15:50:23 GMT">
          <reporter-output>
          </reporter-output>
        </test-method> <!-- checkStatuscode -->
        <test-method status="PASS" signature="tearDown()[pri:0, instance:com.employeeAPI.testCases.TC004_PUT_Employees_Record@59906517]" name="tearDown" is-config="true" duration-ms="1" started-at="2021-12-26T15:50:23 GMT" finished-at="2021-12-26T15:50:23 GMT">
          <reporter-output>
          </reporter-output>
        </test-method> <!-- tearDown -->
      </class> <!-- com.employeeAPI.testCases.TC004_PUT_Employees_Record -->
      <class name="com.employeeAPI.testCases.TC003_POST_Employees_Record">
        <test-method status="PASS" signature="setup()[pri:0, instance:com.employeeAPI.testCases.TC003_POST_Employees_Record@12cdcf4]" name="setup" is-config="true" duration-ms="1" started-at="2021-12-26T15:50:28 GMT" finished-at="2021-12-26T15:50:28 GMT">
          <reporter-output>
          </reporter-output>
        </test-method> <!-- setup -->
        <test-method status="PASS" signature="getAllEmployees()[pri:0, instance:com.employeeAPI.testCases.TC003_POST_Employees_Record@12cdcf4]" name="getAllEmployees" is-config="true" duration-ms="5778" started-at="2021-12-26T15:50:28 GMT" finished-at="2021-12-26T15:50:34 GMT">
          <reporter-output>
          </reporter-output>
        </test-method> <!-- getAllEmployees -->
        <test-method status="PASS" signature="checkContentLength()[pri:0, instance:com.employeeAPI.testCases.TC003_POST_Employees_Record@12cdcf4]" name="checkContentLength" duration-ms="4" started-at="2021-12-26T15:50:34 GMT" finished-at="2021-12-26T15:50:34 GMT">
          <reporter-output>
          </reporter-output>
        </test-method> <!-- checkContentLength -->
        <test-method status="PASS" signature="checkContentType()[pri:0, instance:com.employeeAPI.testCases.TC003_POST_Employees_Record@12cdcf4]" name="checkContentType" duration-ms="5" started-at="2021-12-26T15:50:34 GMT" finished-at="2021-12-26T15:50:34 GMT">
          <reporter-output>
          </reporter-output>
        </test-method> <!-- checkContentType -->
        <test-method status="PASS" signature="checkResponseBody()[pri:0, instance:com.employeeAPI.testCases.TC003_POST_Employees_Record@12cdcf4]" name="checkResponseBody" duration-ms="2" started-at="2021-12-26T15:50:34 GMT" finished-at="2021-12-26T15:50:34 GMT">
          <reporter-output>
          </reporter-output>
        </test-method> <!-- checkResponseBody -->
        <test-method status="PASS" signature="checkResponseTime()[pri:0, instance:com.employeeAPI.testCases.TC003_POST_Employees_Record@12cdcf4]" name="checkResponseTime" duration-ms="2" started-at="2021-12-26T15:50:34 GMT" finished-at="2021-12-26T15:50:34 GMT">
          <reporter-output>
          </reporter-output>
        </test-method> <!-- checkResponseTime -->
        <test-method status="PASS" signature="checkServerType()[pri:0, instance:com.employeeAPI.testCases.TC003_POST_Employees_Record@12cdcf4]" name="checkServerType" duration-ms="1" started-at="2021-12-26T15:50:34 GMT" finished-at="2021-12-26T15:50:34 GMT">
          <reporter-output>
          </reporter-output>
        </test-method> <!-- checkServerType -->
        <test-method status="PASS" signature="checkStatusLine()[pri:0, instance:com.employeeAPI.testCases.TC003_POST_Employees_Record@12cdcf4]" name="checkStatusLine" duration-ms="2" started-at="2021-12-26T15:50:34 GMT" finished-at="2021-12-26T15:50:34 GMT">
          <reporter-output>
          </reporter-output>
        </test-method> <!-- checkStatusLine -->
        <test-method status="PASS" signature="checkStatuscode()[pri:0, instance:com.employeeAPI.testCases.TC003_POST_Employees_Record@12cdcf4]" name="checkStatuscode" duration-ms="1" started-at="2021-12-26T15:50:34 GMT" finished-at="2021-12-26T15:50:34 GMT">
          <reporter-output>
          </reporter-output>
        </test-method> <!-- checkStatuscode -->
        <test-method status="PASS" signature="tearDown()[pri:0, instance:com.employeeAPI.testCases.TC003_POST_Employees_Record@12cdcf4]" name="tearDown" is-config="true" duration-ms="1" started-at="2021-12-26T15:50:34 GMT" finished-at="2021-12-26T15:50:34 GMT">
          <reporter-output>
          </reporter-output>
        </test-method> <!-- tearDown -->
      </class> <!-- com.employeeAPI.testCases.TC003_POST_Employees_Record -->
      <class name="com.employeeAPI.testCases.TC002_Get_Single_Employees_Record">
        <test-method status="PASS" signature="setup()[pri:0, instance:com.employeeAPI.testCases.TC002_Get_Single_Employees_Record@5bcea91b]" name="setup" is-config="true" duration-ms="2" started-at="2021-12-26T15:50:34 GMT" finished-at="2021-12-26T15:50:34 GMT">
          <reporter-output>
          </reporter-output>
        </test-method> <!-- setup -->
        <test-method status="PASS" signature="getAllEmployees()[pri:0, instance:com.employeeAPI.testCases.TC002_Get_Single_Employees_Record@5bcea91b]" name="getAllEmployees" is-config="true" duration-ms="5743" started-at="2021-12-26T15:50:34 GMT" finished-at="2021-12-26T15:50:40 GMT">
          <reporter-output>
          </reporter-output>
        </test-method> <!-- getAllEmployees -->
        <test-method status="PASS" signature="checkContentLength()[pri:0, instance:com.employeeAPI.testCases.TC002_Get_Single_Employees_Record@5bcea91b]" name="checkContentLength" duration-ms="3" started-at="2021-12-26T15:50:40 GMT" finished-at="2021-12-26T15:50:40 GMT">
          <reporter-output>
          </reporter-output>
        </test-method> <!-- checkContentLength -->
        <test-method status="PASS" signature="checkContentType()[pri:0, instance:com.employeeAPI.testCases.TC002_Get_Single_Employees_Record@5bcea91b]" name="checkContentType" duration-ms="1" started-at="2021-12-26T15:50:40 GMT" finished-at="2021-12-26T15:50:40 GMT">
          <reporter-output>
          </reporter-output>
        </test-method> <!-- checkContentType -->
        <test-method status="PASS" signature="checkResponseBody()[pri:0, instance:com.employeeAPI.testCases.TC002_Get_Single_Employees_Record@5bcea91b]" name="checkResponseBody" duration-ms="2" started-at="2021-12-26T15:50:40 GMT" finished-at="2021-12-26T15:50:40 GMT">
          <reporter-output>
          </reporter-output>
        </test-method> <!-- checkResponseBody -->
        <test-method status="PASS" signature="checkResponseTime()[pri:0, instance:com.employeeAPI.testCases.TC002_Get_Single_Employees_Record@5bcea91b]" name="checkResponseTime" duration-ms="1" started-at="2021-12-26T15:50:40 GMT" finished-at="2021-12-26T15:50:40 GMT">
          <reporter-output>
          </reporter-output>
        </test-method> <!-- checkResponseTime -->
        <test-method status="PASS" signature="checkServerType()[pri:0, instance:com.employeeAPI.testCases.TC002_Get_Single_Employees_Record@5bcea91b]" name="checkServerType" duration-ms="1" started-at="2021-12-26T15:50:40 GMT" finished-at="2021-12-26T15:50:40 GMT">
          <reporter-output>
          </reporter-output>
        </test-method> <!-- checkServerType -->
        <test-method status="PASS" signature="checkStatusLine()[pri:0, instance:com.employeeAPI.testCases.TC002_Get_Single_Employees_Record@5bcea91b]" name="checkStatusLine" duration-ms="1" started-at="2021-12-26T15:50:40 GMT" finished-at="2021-12-26T15:50:40 GMT">
          <reporter-output>
          </reporter-output>
        </test-method> <!-- checkStatusLine -->
        <test-method status="PASS" signature="checkStatuscode()[pri:0, instance:com.employeeAPI.testCases.TC002_Get_Single_Employees_Record@5bcea91b]" name="checkStatuscode" duration-ms="2" started-at="2021-12-26T15:50:40 GMT" finished-at="2021-12-26T15:50:40 GMT">
          <reporter-output>
          </reporter-output>
        </test-method> <!-- checkStatuscode -->
        <test-method status="PASS" signature="tearDown()[pri:0, instance:com.employeeAPI.testCases.TC002_Get_Single_Employees_Record@5bcea91b]" name="tearDown" is-config="true" duration-ms="1" started-at="2021-12-26T15:50:40 GMT" finished-at="2021-12-26T15:50:40 GMT">
          <reporter-output>
          </reporter-output>
        </test-method> <!-- tearDown -->
      </class> <!-- com.employeeAPI.testCases.TC002_Get_Single_Employees_Record -->
    </test> <!-- EmployeesRestAPITest -->
  </suite> <!-- EmployeesRestAPISuite -->
</testng-results>
