<?xml version="1.0" encoding="UTF-8"?>
<!-- Generated by org.testng.reporters.JUnitXMLReporter -->
<testsuite hostname="LAPTOP-P7ODROTG" ignored="0" name="EmployeesRestAPITest" tests="35" failures="3" timestamp="2021-12-26T15:50:40 GMT" time="31.202" errors="0">
  <testcase name="checkContentLength" time="0.007" classname="com.employeeAPI.testCases.TC001_Get_All_Employees"/>
  <testcase name="checkContentType" time="0.002" classname="com.employeeAPI.testCases.TC001_Get_All_Employees">
    <failure type="java.lang.AssertionError" message="expected [application/json] but found [text/html; charset=UTF-8]">
      <![CDATA[java.lang.AssertionError: expected [application/json] but found [text/html; charset=UTF-8]
at com.employeeAPI.testCases.TC001_Get_All_Employees.checkContentType(TC001_Get_All_Employees.java:73)
at java.util.ArrayList.forEach(ArrayList.java:1257)
... Removed 33 stack frames]]>
    </failure>
  </testcase> <!-- checkContentType -->
  <testcase name="checkResponseBody" time="0.018" classname="com.employeeAPI.testCases.TC001_Get_All_Employees"/>
  <testcase name="checkResponseTime" time="0.002" classname="com.employeeAPI.testCases.TC001_Get_All_Employees"/>
  <testcase name="checkServerType" time="0.001" classname="com.employeeAPI.testCases.TC001_Get_All_Employees"/>
  <testcase name="checkStatusLine" time="0.001" classname="com.employeeAPI.testCases.TC001_Get_All_Employees">
    <failure type="java.lang.AssertionError" message="expected [HTTP/1.1 200 OK] but found [HTTP/1.1 429 Too Many Requests]">
      <![CDATA[java.lang.AssertionError: expected [HTTP/1.1 200 OK] but found [HTTP/1.1 429 Too Many Requests]
at com.employeeAPI.testCases.TC001_Get_All_Employees.checkStatusLine(TC001_Get_All_Employees.java:64)
at java.util.ArrayList.forEach(ArrayList.java:1257)
... Removed 33 stack frames]]>
    </failure>
  </testcase> <!-- checkStatusLine -->
  <testcase name="checkStatuscode" time="0.001" classname="com.employeeAPI.testCases.TC001_Get_All_Employees">
    <failure type="java.lang.AssertionError" message="expected [200] but found [429]">
      <![CDATA[java.lang.AssertionError: expected [200] but found [429]
at com.employeeAPI.testCases.TC001_Get_All_Employees.checkStatuscode(TC001_Get_All_Employees.java:42)
at java.util.ArrayList.forEach(ArrayList.java:1257)
... Removed 33 stack frames]]>
    </failure>
  </testcase> <!-- checkStatuscode -->
  <testcase name="checkContentLength" time="0.004" classname="com.employeeAPI.testCases.TC004_PUT_Employees_Record"/>
  <testcase name="checkContentType" time="0.002" classname="com.employeeAPI.testCases.TC004_PUT_Employees_Record"/>
  <testcase name="checkResponseBody" time="0.001" classname="com.employeeAPI.testCases.TC004_PUT_Employees_Record"/>
  <testcase name="checkResponseTime" time="0.001" classname="com.employeeAPI.testCases.TC004_PUT_Employees_Record"/>
  <testcase name="checkServerType" time="0.002" classname="com.employeeAPI.testCases.TC004_PUT_Employees_Record"/>
  <testcase name="checkStatusLine" time="0.001" classname="com.employeeAPI.testCases.TC004_PUT_Employees_Record"/>
  <testcase name="checkStatuscode" time="0.001" classname="com.employeeAPI.testCases.TC004_PUT_Employees_Record"/>
  <testcase name="checkContentLength" time="0.004" classname="com.employeeAPI.testCases.TC005_Delete_Employees_Record"/>
  <testcase name="checkContentType" time="0.001" classname="com.employeeAPI.testCases.TC005_Delete_Employees_Record"/>
  <testcase name="checkResponseBody" time="0.001" classname="com.employeeAPI.testCases.TC005_Delete_Employees_Record"/>
  <testcase name="checkResponseTime" time="0.001" classname="com.employeeAPI.testCases.TC005_Delete_Employees_Record"/>
  <testcase name="checkServerType" time="0.001" classname="com.employeeAPI.testCases.TC005_Delete_Employees_Record"/>
  <testcase name="checkStatusLine" time="0.002" classname="com.employeeAPI.testCases.TC005_Delete_Employees_Record"/>
  <testcase name="checkStatuscode" time="0.001" classname="com.employeeAPI.testCases.TC005_Delete_Employees_Record"/>
  <testcase name="checkContentLength" time="0.004" classname="com.employeeAPI.testCases.TC003_POST_Employees_Record"/>
  <testcase name="checkContentType" time="0.005" classname="com.employeeAPI.testCases.TC003_POST_Employees_Record"/>
  <testcase name="checkResponseBody" time="0.002" classname="com.employeeAPI.testCases.TC003_POST_Employees_Record"/>
  <testcase name="checkResponseTime" time="0.002" classname="com.employeeAPI.testCases.TC003_POST_Employees_Record"/>
  <testcase name="checkServerType" time="0.001" classname="com.employeeAPI.testCases.TC003_POST_Employees_Record"/>
  <testcase name="checkStatusLine" time="0.002" classname="com.employeeAPI.testCases.TC003_POST_Employees_Record"/>
  <testcase name="checkStatuscode" time="0.001" classname="com.employeeAPI.testCases.TC003_POST_Employees_Record"/>
  <testcase name="checkContentLength" time="0.003" classname="com.employeeAPI.testCases.TC002_Get_Single_Employees_Record"/>
  <testcase name="checkContentType" time="0.001" classname="com.employeeAPI.testCases.TC002_Get_Single_Employees_Record"/>
  <testcase name="checkResponseBody" time="0.002" classname="com.employeeAPI.testCases.TC002_Get_Single_Employees_Record"/>
  <testcase name="checkResponseTime" time="0.001" classname="com.employeeAPI.testCases.TC002_Get_Single_Employees_Record"/>
  <testcase name="checkServerType" time="0.001" classname="com.employeeAPI.testCases.TC002_Get_Single_Employees_Record"/>
  <testcase name="checkStatusLine" time="0.001" classname="com.employeeAPI.testCases.TC002_Get_Single_Employees_Record"/>
  <testcase name="checkStatuscode" time="0.002" classname="com.employeeAPI.testCases.TC002_Get_Single_Employees_Record"/>
</testsuite> <!-- EmployeesRestAPITest -->
