<?xml version="1.0" encoding="UTF-8"?>
<!-- Generated by org.testng.reporters.JUnitXMLReporter -->
<testsuite hostname="LAPTOP-P7ODROTG" ignored="0" name="Default test" tests="7" failures="0" timestamp="2021-12-26T15:35:16 GMT" time="7.579" errors="0">
  <testcase name="checkContentLength" time="0.009" classname="com.employeeAPI.testCases.TC005_Delete_Employees_Record"/>
  <testcase name="checkContentType" time="0.003" classname="com.employeeAPI.testCases.TC005_Delete_Employees_Record"/>
  <testcase name="checkResponseBody" time="0.016" classname="com.employeeAPI.testCases.TC005_Delete_Employees_Record"/>
  <testcase name="checkResponseTime" time="0.001" classname="com.employeeAPI.testCases.TC005_Delete_Employees_Record"/>
  <testcase name="checkServerType" time="0.001" classname="com.employeeAPI.testCases.TC005_Delete_Employees_Record"/>
  <testcase name="checkStatusLine" time="0.002" classname="com.employeeAPI.testCases.TC005_Delete_Employees_Record"/>
  <testcase name="checkStatuscode" time="0.001" classname="com.employeeAPI.testCases.TC005_Delete_Employees_Record"/>
</testsuite> <!-- Default test -->
